The target system is: Generic - 2.6.0 - arm
The host system is: Darwin - 20.5.0 - x86_64
Compiling the C compiler identification source file "CMakeCCompilerId.c" succeeded.
Compiler: /Applications/ARM/bin/arm-none-eabi-gcc 
Build flags: 
Id flags: -c 

The output was:
0


Compilation of the C compiler identification source "CMakeCCompilerId.c" produced "CMakeCCompilerId.o"

The C compiler identification is GNU, found in "/Users/chance/Projects/Embedded/Zephyr/SAFO/build/CMakeFiles/3.20.0/CompilerIdC/CMakeCCompilerId.o"

Compiling the CXX compiler identification source file "CMakeCXXCompilerId.cpp" succeeded.
Compiler: /Applications/ARM/bin/arm-none-eabi-g++ 
Build flags: 
Id flags: -c 

The output was:
0


Compilation of the CXX compiler identification source "CMakeCXXCompilerId.cpp" produced "CMakeCXXCompilerId.o"

The CXX compiler identification is GNU, found in "/Users/chance/Projects/Embedded/Zephyr/SAFO/build/CMakeFiles/3.20.0/CompilerIdCXX/CMakeCXXCompilerId.o"

Checking whether the ASM compiler is GNU using "--version" matched "(GNU assembler)|(GCC)|(Free Software Foundation)":
arm-none-eabi-gcc (GNU Arm Embedded Toolchain 10-2020-q4-major) 10.2.1 20201103 (release)
Copyright (C) 2020 Free Software Foundation, Inc.
This is free software; see the source for copying conditions.  There is NO
warranty; not even for MERCHANTABILITY or FITNESS FOR A PARTICULAR PURPOSE.

Performing C SOURCE FILE Test check_fmacro_prefix_map__Users_chance_Projects_Embedded_Zephyr_SAFO_CMAKE_SOURCE_DIR_C__nostartfiles__nostdlib__isystem___Applications_ARM_bin____lib_gcc_arm_none_eabi_10_2_1_include___isystem___Applications_ARM_bin____lib_gcc_arm_none_eabi_10_2_1_include_fixed___Wl___unresolved_symbols_ignore_in_object_files__Wl___entry_0 succeeded with the following output:
Change Dir: /Users/chance/Projects/Embedded/Zephyr/SAFO/build/CMakeFiles/CMakeTmp

Run Build Command(s):/usr/local/bin/ninja cmTC_e74a0 && [1/2] Building C object CMakeFiles/cmTC_e74a0.dir/src.c.obj
[2/2] Linking C executable cmTC_e74a0


Source file was:
int main(void) { return 0; }
